
=== Fri Jun  4 18:54:59 2021

Packages were changed.
Update Mode: updateDependencies

The following packages were updated:
  com.unity.collab-proxy from version 1.3.9 to 1.5.7
  com.unity.ide.rider from version 2.0.7 to 3.0.6
  com.unity.ide.visualstudio from version 2.0.7 to 2.0.8
  com.unity.render-pipelines.universal from version 10.4.0 to 11.0.0
  com.unity.textmeshpro from version 3.0.4 to 3.0.6
  com.unity.timeline from version 1.4.7 to 1.5.5

=== Sun Sep 15 23:08:47 2024

Packages were changed.
Update Mode: updateDependencies

The following packages were added:
  com.unity.ai.navigation@1.1.5
The following packages were updated:
  com.unity.collab-proxy from version 1.5.7 to 2.4.4
  com.unity.ide.rider from version 3.0.6 to 3.0.31
  com.unity.ide.visualstudio from version 2.0.8 to 2.0.22
  com.unity.ide.vscode from version 1.2.3 to 1.2.5
  com.unity.render-pipelines.universal from version 11.0.0 to 14.0.11
  com.unity.test-framework from version 1.1.24 to 1.1.33
  com.unity.timeline from version 1.5.5 to 1.7.6
